CRITICAL - 2024-01-02 07:50:48 --> Call to a member function getRandomName() on null
in APPPATH\Controllers\CategoryController.php on line 90.
 1 SYSTEMPATH\CodeIgniter.php(919): App\Controllers\CategoryController->add()
 2 SYSTEMPATH\CodeIgniter.php(494): CodeIgniter\CodeIgniter->runController(Object(App\Controllers\CategoryController))
 3 SYSTEMPATH\CodeIgniter.php(353): CodeIgniter\CodeIgniter->handleRequest(null, Object(Config\Cache), false)
 4 FCPATH\index.php(79): CodeIgniter\CodeIgniter->run()
 5 SYSTEMPATH\Commands\Server\rewrite.php(47): require_once('C:\\xampp_nh\\htdocs\\MON_WEBSITE_TM\\BAITAPLON\\CI4\\public\\index.php')

CRITICAL - 2024-01-02 16:24:20 --> Undefined variable $row
in APPPATH\Views\admin\product\edit.php on line 52.
 1 APPPATH\Views\admin\product\edit.php(52): CodeIgniter\Debug\Exceptions->errorHandler(2, 'Undefined variable $row', 'C:\\xampp_nh\\htdocs\\MON_WEBSITE_TM\\BAITAPLON\\CI4\\app\\Views\\admin\\product\\edit.php', 52)
 2 SYSTEMPATH\View\View.php(226): include('C:\\xampp_nh\\htdocs\\MON_WEBSITE_TM\\BAITAPLON\\CI4\\app\\Views\\admin\\product\\edit.php')
 3 SYSTEMPATH\View\View.php(229): CodeIgniter\View\View->CodeIgniter\View\{closure}()
 4 SYSTEMPATH\Common.php(1188): CodeIgniter\View\View->render('admin/product/edit', [], true)
 5 APPPATH\Controllers\ProductController.php(34): view('admin/product/edit', [...])
 6 SYSTEMPATH\CodeIgniter.php(919): App\Controllers\ProductController->edit('54')
 7 SYSTEMPATH\CodeIgniter.php(494): CodeIgniter\CodeIgniter->runController(Object(App\Controllers\ProductController))
 8 SYSTEMPATH\CodeIgniter.php(353): CodeIgniter\CodeIgniter->handleRequest(null, Object(Config\Cache), false)
 9 FCPATH\index.php(79): CodeIgniter\CodeIgniter->run()
10 SYSTEMPATH\Commands\Server\rewrite.php(47): require_once('C:\\xampp_nh\\htdocs\\MON_WEBSITE_TM\\BAITAPLON\\CI4\\public\\index.php')
CRITICAL - 2024-01-02 16:24:23 --> Undefined variable $row
in APPPATH\Views\admin\product\edit.php on line 52.
 1 APPPATH\Views\admin\product\edit.php(52): CodeIgniter\Debug\Exceptions->errorHandler(2, 'Undefined variable $row', 'C:\\xampp_nh\\htdocs\\MON_WEBSITE_TM\\BAITAPLON\\CI4\\app\\Views\\admin\\product\\edit.php', 52)
 2 SYSTEMPATH\View\View.php(226): include('C:\\xampp_nh\\htdocs\\MON_WEBSITE_TM\\BAITAPLON\\CI4\\app\\Views\\admin\\product\\edit.php')
 3 SYSTEMPATH\View\View.php(229): CodeIgniter\View\View->CodeIgniter\View\{closure}()
 4 SYSTEMPATH\Common.php(1188): CodeIgniter\View\View->render('admin/product/edit', [], true)
 5 APPPATH\Controllers\ProductController.php(34): view('admin/product/edit', [...])
 6 SYSTEMPATH\CodeIgniter.php(919): App\Controllers\ProductController->edit('54')
 7 SYSTEMPATH\CodeIgniter.php(494): CodeIgniter\CodeIgniter->runController(Object(App\Controllers\ProductController))
 8 SYSTEMPATH\CodeIgniter.php(353): CodeIgniter\CodeIgniter->handleRequest(null, Object(Config\Cache), false)
 9 FCPATH\index.php(79): CodeIgniter\CodeIgniter->run()
10 SYSTEMPATH\Commands\Server\rewrite.php(47): require_once('C:\\xampp_nh\\htdocs\\MON_WEBSITE_TM\\BAITAPLON\\CI4\\public\\index.php')
