ERROR - 2023-12-04 15:26:27 --> mysqli_sql_exception: Cannot add or update a child row: a foreign key constraint fails (`ci4`.`product`, CONSTRAINT `fk_product_category` FOREIGN KEY (`MaTheLoai`) REFERENCES `category` (`MaTheLoai`)) in C:\xampp_nh\htdocs\MON_WEBSITE_TM\BAITAPLON\CI4\system\Database\MySQLi\Connection.php:306
Stack trace:
#0 C:\xampp_nh\htdocs\MON_WEBSITE_TM\BAITAPLON\CI4\system\Database\MySQLi\Connection.php(306): mysqli->query('INSERT INTO `pr...', 0)
#1 C:\xampp_nh\htdocs\MON_WEBSITE_TM\BAITAPLON\CI4\system\Database\BaseConnection.php(692): CodeIgniter\Database\MySQLi\Connection->execute('INSERT INTO `pr...')
#2 C:\xampp_nh\htdocs\MON_WEBSITE_TM\BAITAPLON\CI4\system\Database\BaseConnection.php(606): CodeIgniter\Database\BaseConnection->simpleQuery('INSERT INTO `pr...')
#3 C:\xampp_nh\htdocs\MON_WEBSITE_TM\BAITAPLON\CI4\system\Database\BaseBuilder.php(2308): CodeIgniter\Database\BaseConnection->query('INSERT INTO `pr...', Array, false)
#4 C:\xampp_nh\htdocs\MON_WEBSITE_TM\BAITAPLON\CI4\system\Model.php(319): CodeIgniter\Database\BaseBuilder->insert()
#5 C:\xampp_nh\htdocs\MON_WEBSITE_TM\BAITAPLON\CI4\system\BaseModel.php(788): CodeIgniter\Model->doInsert(Array)
#6 C:\xampp_nh\htdocs\MON_WEBSITE_TM\BAITAPLON\CI4\system\Model.php(715): CodeIgniter\BaseModel->insert(Array, false)
#7 C:\xampp_nh\htdocs\MON_WEBSITE_TM\BAITAPLON\CI4\system\BaseModel.php(698): CodeIgniter\Model->insert(Array, false)
#8 C:\xampp_nh\htdocs\MON_WEBSITE_TM\BAITAPLON\CI4\app\Controllers\ProductController.php(113): CodeIgniter\BaseModel->save(Array)
#9 C:\xampp_nh\htdocs\MON_WEBSITE_TM\BAITAPLON\CI4\system\CodeIgniter.php(919): App\Controllers\ProductController->add()
#10 C:\xampp_nh\htdocs\MON_WEBSITE_TM\BAITAPLON\CI4\system\CodeIgniter.php(494): CodeIgniter\CodeIgniter->runController(Object(App\Controllers\ProductController))
#11 C:\xampp_nh\htdocs\MON_WEBSITE_TM\BAITAPLON\CI4\system\CodeIgniter.php(353): CodeIgniter\CodeIgniter->handleRequest(NULL, Object(Config\Cache), false)
#12 C:\xampp_nh\htdocs\MON_WEBSITE_TM\BAITAPLON\CI4\public\index.php(79): CodeIgniter\CodeIgniter->run()
#13 C:\xampp_nh\htdocs\MON_WEBSITE_TM\BAITAPLON\CI4\system\Commands\Server\rewrite.php(47): require_once('C:\\xampp_nh\\htd...')
#14 {main}
CRITICAL - 2023-12-04 15:26:27 --> Cannot add or update a child row: a foreign key constraint fails (`ci4`.`product`, CONSTRAINT `fk_product_category` FOREIGN KEY (`MaTheLoai`) REFERENCES `category` (`MaTheLoai`))
in SYSTEMPATH\Database\BaseConnection.php on line 646.
 1 SYSTEMPATH\Database\BaseBuilder.php(2308): CodeIgniter\Database\BaseConnection->query('INSERT INTO `product` (`TenSP`, `GiaSP`, `MoTaSP`, `SoLuongSP`, `HinhAnhSP`, `DacBiet`, `MaTheLoai`) VALUES (:TenSP:, :GiaSP:, :MoTaSP:, :SoLuongSP:, :HinhAnhSP:, :DacBiet:, :MaTheLoai:)', [...], false)
 2 SYSTEMPATH\Model.php(319): CodeIgniter\Database\BaseBuilder->insert()
 3 SYSTEMPATH\BaseModel.php(788): CodeIgniter\Model->doInsert([...])
 4 SYSTEMPATH\Model.php(715): CodeIgniter\BaseModel->insert([...], false)
 5 SYSTEMPATH\BaseModel.php(698): CodeIgniter\Model->insert([...], false)
 6 APPPATH\Controllers\ProductController.php(113): CodeIgniter\BaseModel->save([...])
 7 SYSTEMPATH\CodeIgniter.php(919): App\Controllers\ProductController->add()
 8 SYSTEMPATH\CodeIgniter.php(494): CodeIgniter\CodeIgniter->runController(Object(App\Controllers\ProductController))
 9 SYSTEMPATH\CodeIgniter.php(353): CodeIgniter\CodeIgniter->handleRequest(null, Object(Config\Cache), false)
10 FCPATH\index.php(79): CodeIgniter\CodeIgniter->run()
11 SYSTEMPATH\Commands\Server\rewrite.php(47): require_once('C:\\xampp_nh\\htdocs\\MON_WEBSITE_TM\\BAITAPLON\\CI4\\public\\index.php')


ERROR - 2023-12-04 15:33:08 --> mysqli_sql_exception: Cannot add or update a child row: a foreign key constraint fails (`ci4`.`product`, CONSTRAINT `fk_product_category` FOREIGN KEY (`MaTheLoai`) REFERENCES `category` (`MaTheLoai`)) in C:\xampp_nh\htdocs\MON_WEBSITE_TM\BAITAPLON\CI4\system\Database\MySQLi\Connection.php:306
Stack trace:
#0 C:\xampp_nh\htdocs\MON_WEBSITE_TM\BAITAPLON\CI4\system\Database\MySQLi\Connection.php(306): mysqli->query('INSERT INTO `pr...', 0)
#1 C:\xampp_nh\htdocs\MON_WEBSITE_TM\BAITAPLON\CI4\system\Database\BaseConnection.php(692): CodeIgniter\Database\MySQLi\Connection->execute('INSERT INTO `pr...')
#2 C:\xampp_nh\htdocs\MON_WEBSITE_TM\BAITAPLON\CI4\system\Database\BaseConnection.php(606): CodeIgniter\Database\BaseConnection->simpleQuery('INSERT INTO `pr...')
#3 C:\xampp_nh\htdocs\MON_WEBSITE_TM\BAITAPLON\CI4\system\Database\BaseBuilder.php(2308): CodeIgniter\Database\BaseConnection->query('INSERT INTO `pr...', Array, false)
#4 C:\xampp_nh\htdocs\MON_WEBSITE_TM\BAITAPLON\CI4\system\Model.php(319): CodeIgniter\Database\BaseBuilder->insert()
#5 C:\xampp_nh\htdocs\MON_WEBSITE_TM\BAITAPLON\CI4\system\BaseModel.php(788): CodeIgniter\Model->doInsert(Array)
#6 C:\xampp_nh\htdocs\MON_WEBSITE_TM\BAITAPLON\CI4\system\Model.php(715): CodeIgniter\BaseModel->insert(Array, false)
#7 C:\xampp_nh\htdocs\MON_WEBSITE_TM\BAITAPLON\CI4\system\BaseModel.php(698): CodeIgniter\Model->insert(Array, false)
#8 C:\xampp_nh\htdocs\MON_WEBSITE_TM\BAITAPLON\CI4\app\Controllers\ProductController.php(125): CodeIgniter\BaseModel->save(Array)
#9 C:\xampp_nh\htdocs\MON_WEBSITE_TM\BAITAPLON\CI4\system\CodeIgniter.php(919): App\Controllers\ProductController->add()
#10 C:\xampp_nh\htdocs\MON_WEBSITE_TM\BAITAPLON\CI4\system\CodeIgniter.php(494): CodeIgniter\CodeIgniter->runController(Object(App\Controllers\ProductController))
#11 C:\xampp_nh\htdocs\MON_WEBSITE_TM\BAITAPLON\CI4\system\CodeIgniter.php(353): CodeIgniter\CodeIgniter->handleRequest(NULL, Object(Config\Cache), false)
#12 C:\xampp_nh\htdocs\MON_WEBSITE_TM\BAITAPLON\CI4\public\index.php(79): CodeIgniter\CodeIgniter->run()
#13 C:\xampp_nh\htdocs\MON_WEBSITE_TM\BAITAPLON\CI4\system\Commands\Server\rewrite.php(47): require_once('C:\\xampp_nh\\htd...')
#14 {main}
CRITICAL - 2023-12-04 15:33:08 --> Cannot add or update a child row: a foreign key constraint fails (`ci4`.`product`, CONSTRAINT `fk_product_category` FOREIGN KEY (`MaTheLoai`) REFERENCES `category` (`MaTheLoai`))
in SYSTEMPATH\Database\BaseConnection.php on line 646.
 1 SYSTEMPATH\Database\BaseBuilder.php(2308): CodeIgniter\Database\BaseConnection->query('INSERT INTO `product` (`TenSP`, `GiaSP`, `MoTaSP`, `SoLuongSP`, `HinhAnhSP`, `DacBiet`, `MaTheLoai`) VALUES (:TenSP:, :GiaSP:, :MoTaSP:, :SoLuongSP:, :HinhAnhSP:, :DacBiet:, :MaTheLoai:)', [...], false)
 2 SYSTEMPATH\Model.php(319): CodeIgniter\Database\BaseBuilder->insert()
 3 SYSTEMPATH\BaseModel.php(788): CodeIgniter\Model->doInsert([...])
 4 SYSTEMPATH\Model.php(715): CodeIgniter\BaseModel->insert([...], false)
 5 SYSTEMPATH\BaseModel.php(698): CodeIgniter\Model->insert([...], false)
 6 APPPATH\Controllers\ProductController.php(125): CodeIgniter\BaseModel->save([...])
 7 SYSTEMPATH\CodeIgniter.php(919): App\Controllers\ProductController->add()
 8 SYSTEMPATH\CodeIgniter.php(494): CodeIgniter\CodeIgniter->runController(Object(App\Controllers\ProductController))
 9 SYSTEMPATH\CodeIgniter.php(353): CodeIgniter\CodeIgniter->handleRequest(null, Object(Config\Cache), false)
10 FCPATH\index.php(79): CodeIgniter\CodeIgniter->run()
11 SYSTEMPATH\Commands\Server\rewrite.php(47): require_once('C:\\xampp_nh\\htdocs\\MON_WEBSITE_TM\\BAITAPLON\\CI4\\public\\index.php')
CRITICAL - 2023-12-04 15:39:52 --> Class "App\Controllers\CategoryModel" not found
in APPPATH\Controllers\ProductController.php on line 95.
 1 SYSTEMPATH\CodeIgniter.php(919): App\Controllers\ProductController->create()
 2 SYSTEMPATH\CodeIgniter.php(494): CodeIgniter\CodeIgniter->runController(Object(App\Controllers\ProductController))
 3 SYSTEMPATH\CodeIgniter.php(353): CodeIgniter\CodeIgniter->handleRequest(null, Object(Config\Cache), false)
 4 FCPATH\index.php(79): CodeIgniter\CodeIgniter->run()
 5 SYSTEMPATH\Commands\Server\rewrite.php(47): require_once('C:\\xampp_nh\\htdocs\\MON_WEBSITE_TM\\BAITAPLON\\CI4\\public\\index.php')
CRITICAL - 2023-12-04 15:39:54 --> Class "App\Controllers\CategoryModel" not found
in APPPATH\Controllers\ProductController.php on line 95.
 1 SYSTEMPATH\CodeIgniter.php(919): App\Controllers\ProductController->create()
 2 SYSTEMPATH\CodeIgniter.php(494): CodeIgniter\CodeIgniter->runController(Object(App\Controllers\ProductController))
 3 SYSTEMPATH\CodeIgniter.php(353): CodeIgniter\CodeIgniter->handleRequest(null, Object(Config\Cache), false)
 4 FCPATH\index.php(79): CodeIgniter\CodeIgniter->run()
 5 SYSTEMPATH\Commands\Server\rewrite.php(47): require_once('C:\\xampp_nh\\htdocs\\MON_WEBSITE_TM\\BAITAPLON\\CI4\\public\\index.php')
CRITICAL - 2023-12-04 15:40:30 --> Class "App\Controllers\CategoryModel" not found
in APPPATH\Controllers\ProductController.php on line 97.
 1 SYSTEMPATH\CodeIgniter.php(919): App\Controllers\ProductController->create()
 2 SYSTEMPATH\CodeIgniter.php(494): CodeIgniter\CodeIgniter->runController(Object(App\Controllers\ProductController))
 3 SYSTEMPATH\CodeIgniter.php(353): CodeIgniter\CodeIgniter->handleRequest(null, Object(Config\Cache), false)
 4 FCPATH\index.php(79): CodeIgniter\CodeIgniter->run()
 5 SYSTEMPATH\Commands\Server\rewrite.php(47): require_once('C:\\xampp_nh\\htdocs\\MON_WEBSITE_TM\\BAITAPLON\\CI4\\public\\index.php')
CRITICAL - 2023-12-04 15:40:33 --> Class "App\Controllers\CategoryModel" not found
in APPPATH\Controllers\ProductController.php on line 97.
 1 SYSTEMPATH\CodeIgniter.php(919): App\Controllers\ProductController->create()
 2 SYSTEMPATH\CodeIgniter.php(494): CodeIgniter\CodeIgniter->runController(Object(App\Controllers\ProductController))
 3 SYSTEMPATH\CodeIgniter.php(353): CodeIgniter\CodeIgniter->handleRequest(null, Object(Config\Cache), false)
 4 FCPATH\index.php(79): CodeIgniter\CodeIgniter->run()
 5 SYSTEMPATH\Commands\Server\rewrite.php(47): require_once('C:\\xampp_nh\\htdocs\\MON_WEBSITE_TM\\BAITAPLON\\CI4\\public\\index.php')
ERROR - 2023-12-04 15:59:04 --> mysqli_sql_exception: Duplicate entry '0' for key 'PRIMARY' in C:\xampp_nh\htdocs\MON_WEBSITE_TM\BAITAPLON\CI4\system\Database\MySQLi\Connection.php:306
Stack trace:
#0 C:\xampp_nh\htdocs\MON_WEBSITE_TM\BAITAPLON\CI4\system\Database\MySQLi\Connection.php(306): mysqli->query('INSERT INTO `ca...', 0)
#1 C:\xampp_nh\htdocs\MON_WEBSITE_TM\BAITAPLON\CI4\system\Database\BaseConnection.php(692): CodeIgniter\Database\MySQLi\Connection->execute('INSERT INTO `ca...')
#2 C:\xampp_nh\htdocs\MON_WEBSITE_TM\BAITAPLON\CI4\system\Database\BaseConnection.php(606): CodeIgniter\Database\BaseConnection->simpleQuery('INSERT INTO `ca...')
#3 C:\xampp_nh\htdocs\MON_WEBSITE_TM\BAITAPLON\CI4\system\Database\BaseBuilder.php(2308): CodeIgniter\Database\BaseConnection->query('INSERT INTO `ca...', Array, false)
#4 C:\xampp_nh\htdocs\MON_WEBSITE_TM\BAITAPLON\CI4\system\Model.php(319): CodeIgniter\Database\BaseBuilder->insert()
#5 C:\xampp_nh\htdocs\MON_WEBSITE_TM\BAITAPLON\CI4\system\BaseModel.php(788): CodeIgniter\Model->doInsert(Array)
#6 C:\xampp_nh\htdocs\MON_WEBSITE_TM\BAITAPLON\CI4\system\Model.php(715): CodeIgniter\BaseModel->insert(Array, false)
#7 C:\xampp_nh\htdocs\MON_WEBSITE_TM\BAITAPLON\CI4\system\BaseModel.php(698): CodeIgniter\Model->insert(Array, false)
#8 C:\xampp_nh\htdocs\MON_WEBSITE_TM\BAITAPLON\CI4\app\Controllers\CategoryController.php(88): CodeIgniter\BaseModel->save(Array)
#9 C:\xampp_nh\htdocs\MON_WEBSITE_TM\BAITAPLON\CI4\system\CodeIgniter.php(919): App\Controllers\CategoryController->add()
#10 C:\xampp_nh\htdocs\MON_WEBSITE_TM\BAITAPLON\CI4\system\CodeIgniter.php(494): CodeIgniter\CodeIgniter->runController(Object(App\Controllers\CategoryController))
#11 C:\xampp_nh\htdocs\MON_WEBSITE_TM\BAITAPLON\CI4\system\CodeIgniter.php(353): CodeIgniter\CodeIgniter->handleRequest(NULL, Object(Config\Cache), false)
#12 C:\xampp_nh\htdocs\MON_WEBSITE_TM\BAITAPLON\CI4\public\index.php(79): CodeIgniter\CodeIgniter->run()
#13 C:\xampp_nh\htdocs\MON_WEBSITE_TM\BAITAPLON\CI4\system\Commands\Server\rewrite.php(47): require_once('C:\\xampp_nh\\htd...')
#14 {main}
CRITICAL - 2023-12-04 15:59:04 --> Duplicate entry '0' for key 'PRIMARY'
in SYSTEMPATH\Database\BaseConnection.php on line 646.
 1 SYSTEMPATH\Database\BaseBuilder.php(2308): CodeIgniter\Database\BaseConnection->query('INSERT INTO `category` (`TenTheLoai`, `HinhAnhTheLoai`) VALUES (:TenTheLoai:, :HinhAnhTheLoai:)', [...], false)
 2 SYSTEMPATH\Model.php(319): CodeIgniter\Database\BaseBuilder->insert()
 3 SYSTEMPATH\BaseModel.php(788): CodeIgniter\Model->doInsert([...])
 4 SYSTEMPATH\Model.php(715): CodeIgniter\BaseModel->insert([...], false)
 5 SYSTEMPATH\BaseModel.php(698): CodeIgniter\Model->insert([...], false)
 6 APPPATH\Controllers\CategoryController.php(88): CodeIgniter\BaseModel->save([...])
 7 SYSTEMPATH\CodeIgniter.php(919): App\Controllers\CategoryController->add()
 8 SYSTEMPATH\CodeIgniter.php(494): CodeIgniter\CodeIgniter->runController(Object(App\Controllers\CategoryController))
 9 SYSTEMPATH\CodeIgniter.php(353): CodeIgniter\CodeIgniter->handleRequest(null, Object(Config\Cache), false)
10 FCPATH\index.php(79): CodeIgniter\CodeIgniter->run()
11 SYSTEMPATH\Commands\Server\rewrite.php(47): require_once('C:\\xampp_nh\\htdocs\\MON_WEBSITE_TM\\BAITAPLON\\CI4\\public\\index.php')
ERROR - 2023-12-04 15:59:40 --> mysqli_sql_exception: Column 'MaTheLoai' cannot be null in C:\xampp_nh\htdocs\MON_WEBSITE_TM\BAITAPLON\CI4\system\Database\MySQLi\Connection.php:306
Stack trace:
#0 C:\xampp_nh\htdocs\MON_WEBSITE_TM\BAITAPLON\CI4\system\Database\MySQLi\Connection.php(306): mysqli->query('INSERT INTO `ca...', 0)
#1 C:\xampp_nh\htdocs\MON_WEBSITE_TM\BAITAPLON\CI4\system\Database\BaseConnection.php(692): CodeIgniter\Database\MySQLi\Connection->execute('INSERT INTO `ca...')
#2 C:\xampp_nh\htdocs\MON_WEBSITE_TM\BAITAPLON\CI4\system\Database\BaseConnection.php(606): CodeIgniter\Database\BaseConnection->simpleQuery('INSERT INTO `ca...')
#3 C:\xampp_nh\htdocs\MON_WEBSITE_TM\BAITAPLON\CI4\system\Database\BaseBuilder.php(2308): CodeIgniter\Database\BaseConnection->query('INSERT INTO `ca...', Array, false)
#4 C:\xampp_nh\htdocs\MON_WEBSITE_TM\BAITAPLON\CI4\system\Model.php(319): CodeIgniter\Database\BaseBuilder->insert()
#5 C:\xampp_nh\htdocs\MON_WEBSITE_TM\BAITAPLON\CI4\system\BaseModel.php(788): CodeIgniter\Model->doInsert(Array)
#6 C:\xampp_nh\htdocs\MON_WEBSITE_TM\BAITAPLON\CI4\system\Model.php(715): CodeIgniter\BaseModel->insert(Array, false)
#7 C:\xampp_nh\htdocs\MON_WEBSITE_TM\BAITAPLON\CI4\system\BaseModel.php(698): CodeIgniter\Model->insert(Array, false)
#8 C:\xampp_nh\htdocs\MON_WEBSITE_TM\BAITAPLON\CI4\app\Controllers\CategoryController.php(89): CodeIgniter\BaseModel->save(Array)
#9 C:\xampp_nh\htdocs\MON_WEBSITE_TM\BAITAPLON\CI4\system\CodeIgniter.php(919): App\Controllers\CategoryController->add()
#10 C:\xampp_nh\htdocs\MON_WEBSITE_TM\BAITAPLON\CI4\system\CodeIgniter.php(494): CodeIgniter\CodeIgniter->runController(Object(App\Controllers\CategoryController))
#11 C:\xampp_nh\htdocs\MON_WEBSITE_TM\BAITAPLON\CI4\system\CodeIgniter.php(353): CodeIgniter\CodeIgniter->handleRequest(NULL, Object(Config\Cache), false)
#12 C:\xampp_nh\htdocs\MON_WEBSITE_TM\BAITAPLON\CI4\public\index.php(79): CodeIgniter\CodeIgniter->run()
#13 C:\xampp_nh\htdocs\MON_WEBSITE_TM\BAITAPLON\CI4\system\Commands\Server\rewrite.php(47): require_once('C:\\xampp_nh\\htd...')
#14 {main}
CRITICAL - 2023-12-04 15:59:40 --> Column 'MaTheLoai' cannot be null
in SYSTEMPATH\Database\BaseConnection.php on line 646.
 1 SYSTEMPATH\Database\BaseBuilder.php(2308): CodeIgniter\Database\BaseConnection->query('INSERT INTO `category` (`MaTheLoai`, `TenTheLoai`, `HinhAnhTheLoai`) VALUES (:MaTheLoai:, :TenTheLoai:, :HinhAnhTheLoai:)', [...], false)
 2 SYSTEMPATH\Model.php(319): CodeIgniter\Database\BaseBuilder->insert()
 3 SYSTEMPATH\BaseModel.php(788): CodeIgniter\Model->doInsert([...])
 4 SYSTEMPATH\Model.php(715): CodeIgniter\BaseModel->insert([...], false)
 5 SYSTEMPATH\BaseModel.php(698): CodeIgniter\Model->insert([...], false)
 6 APPPATH\Controllers\CategoryController.php(89): CodeIgniter\BaseModel->save([...])
 7 SYSTEMPATH\CodeIgniter.php(919): App\Controllers\CategoryController->add()
 8 SYSTEMPATH\CodeIgniter.php(494): CodeIgniter\CodeIgniter->runController(Object(App\Controllers\CategoryController))
 9 SYSTEMPATH\CodeIgniter.php(353): CodeIgniter\CodeIgniter->handleRequest(null, Object(Config\Cache), false)
10 FCPATH\index.php(79): CodeIgniter\CodeIgniter->run()
11 SYSTEMPATH\Commands\Server\rewrite.php(47): require_once('C:\\xampp_nh\\htdocs\\MON_WEBSITE_TM\\BAITAPLON\\CI4\\public\\index.php')
