CRITICAL - 2024-01-14 06:45:39 --> Call to undefined method App\Models\ThanhToanModel::getUserInfo
in SYSTEMPATH\Model.php on line 873.
 1 APPPATH\Controllers\ThanhToanController.php(18): CodeIgniter\Model->__call('getUserInfo', [...])
 2 SYSTEMPATH\CodeIgniter.php(919): App\Controllers\ThanhToanController->index()
 3 SYSTEMPATH\CodeIgniter.php(494): CodeIgniter\CodeIgniter->runController(Object(App\Controllers\ThanhToanController))
 4 SYSTEMPATH\CodeIgniter.php(353): CodeIgniter\CodeIgniter->handleRequest(null, Object(Config\Cache), false)
 5 FCPATH\index.php(79): CodeIgniter\CodeIgniter->run()
 6 SYSTEMPATH\Commands\Server\rewrite.php(47): require_once('C:\\xampp_nh\\htdocs\\MON_WEBSITE_TM\\BAITAPLON\\CI4\\public\\index.php')

CRITICAL - 2024-01-14 15:13:05 --> Too few arguments to function App\Controllers\ThanhToanController::xuLyThanhToan(), 0 passed in C:\xampp_nh\htdocs\MON_WEBSITE_TM\BAITAPLON\CI4\system\CodeIgniter.php on line 919 and exactly 2 expected
in APPPATH\Controllers\ThanhToanController.php on line 43.
 1 SYSTEMPATH\CodeIgniter.php(919): App\Controllers\ThanhToanController->xuLyThanhToan()
 2 SYSTEMPATH\CodeIgniter.php(494): CodeIgniter\CodeIgniter->runController(Object(App\Controllers\ThanhToanController))
 3 SYSTEMPATH\CodeIgniter.php(353): CodeIgniter\CodeIgniter->handleRequest(null, Object(Config\Cache), false)
 4 FCPATH\index.php(79): CodeIgniter\CodeIgniter->run()
 5 SYSTEMPATH\Commands\Server\rewrite.php(47): require_once('C:\\xampp_nh\\htdocs\\MON_WEBSITE_TM\\BAITAPLON\\CI4\\public\\index.php')
CRITICAL - 2024-01-14 15:15:41 --> The action you requested is not allowed.
in SYSTEMPATH\Security\Security.php on line 298.
 1 SYSTEMPATH\Security\Security.php(298): CodeIgniter\Security\Exceptions\SecurityException::forDisallowedAction()
 2 SYSTEMPATH\Filters\CSRF.php(55): CodeIgniter\Security\Security->verify(Object(CodeIgniter\HTTP\IncomingRequest))
 3 SYSTEMPATH\Filters\Filters.php(180): CodeIgniter\Filters\CSRF->before(Object(CodeIgniter\HTTP\IncomingRequest), null)
 4 SYSTEMPATH\CodeIgniter.php(466): CodeIgniter\Filters\Filters->run('thanh-toan', 'before')
 5 SYSTEMPATH\CodeIgniter.php(353): CodeIgniter\CodeIgniter->handleRequest(null, Object(Config\Cache), false)
 6 FCPATH\index.php(79): CodeIgniter\CodeIgniter->run()
 7 SYSTEMPATH\Commands\Server\rewrite.php(47): require_once('C:\\xampp_nh\\htdocs\\MON_WEBSITE_TM\\BAITAPLON\\CI4\\public\\index.php')
CRITICAL - 2024-01-14 15:21:10 --> Undefined property: App\Controllers\ThanhToanController::$session
in APPPATH\Controllers\ThanhToanController.php on line 86.
 1 APPPATH\Controllers\ThanhToanController.php(86): CodeIgniter\Debug\Exceptions->errorHandler(2, 'Undefined property: App\\Controllers\\ThanhToanController::$session', 'C:\\xampp_nh\\htdocs\\MON_WEBSITE_TM\\BAITAPLON\\CI4\\app\\Controllers\\ThanhToanController.php', 86)
 2 SYSTEMPATH\CodeIgniter.php(919): App\Controllers\ThanhToanController->xuLyThanhToan()
 3 SYSTEMPATH\CodeIgniter.php(494): CodeIgniter\CodeIgniter->runController(Object(App\Controllers\ThanhToanController))
 4 SYSTEMPATH\CodeIgniter.php(353): CodeIgniter\CodeIgniter->handleRequest(null, Object(Config\Cache), false)
 5 FCPATH\index.php(79): CodeIgniter\CodeIgniter->run()
 6 SYSTEMPATH\Commands\Server\rewrite.php(47): require_once('C:\\xampp_nh\\htdocs\\MON_WEBSITE_TM\\BAITAPLON\\CI4\\public\\index.php')
CRITICAL - 2024-01-14 15:28:46 --> Call to undefined function App\Controllers\user()
in APPPATH\Controllers\ThanhToanController.php on line 55.
 1 SYSTEMPATH\CodeIgniter.php(919): App\Controllers\ThanhToanController->xuLyThanhToan()
 2 SYSTEMPATH\CodeIgniter.php(494): CodeIgniter\CodeIgniter->runController(Object(App\Controllers\ThanhToanController))
 3 SYSTEMPATH\CodeIgniter.php(353): CodeIgniter\CodeIgniter->handleRequest(null, Object(Config\Cache), false)
 4 FCPATH\index.php(79): CodeIgniter\CodeIgniter->run()
 5 SYSTEMPATH\Commands\Server\rewrite.php(47): require_once('C:\\xampp_nh\\htdocs\\MON_WEBSITE_TM\\BAITAPLON\\CI4\\public\\index.php')
CRITICAL - 2024-01-14 15:29:26 --> Call to undefined function App\Controllers\user()
in APPPATH\Controllers\ThanhToanController.php on line 56.
 1 SYSTEMPATH\CodeIgniter.php(919): App\Controllers\ThanhToanController->xuLyThanhToan()
 2 SYSTEMPATH\CodeIgniter.php(494): CodeIgniter\CodeIgniter->runController(Object(App\Controllers\ThanhToanController))
 3 SYSTEMPATH\CodeIgniter.php(353): CodeIgniter\CodeIgniter->handleRequest(null, Object(Config\Cache), false)
 4 FCPATH\index.php(79): CodeIgniter\CodeIgniter->run()
 5 SYSTEMPATH\Commands\Server\rewrite.php(47): require_once('C:\\xampp_nh\\htdocs\\MON_WEBSITE_TM\\BAITAPLON\\CI4\\public\\index.php')
CRITICAL - 2024-01-14 15:29:55 --> Call to undefined method App\Controllers\ThanhToanController::user()
in APPPATH\Controllers\ThanhToanController.php on line 56.
 1 SYSTEMPATH\CodeIgniter.php(919): App\Controllers\ThanhToanController->xuLyThanhToan()
 2 SYSTEMPATH\CodeIgniter.php(494): CodeIgniter\CodeIgniter->runController(Object(App\Controllers\ThanhToanController))
 3 SYSTEMPATH\CodeIgniter.php(353): CodeIgniter\CodeIgniter->handleRequest(null, Object(Config\Cache), false)
 4 FCPATH\index.php(79): CodeIgniter\CodeIgniter->run()
 5 SYSTEMPATH\Commands\Server\rewrite.php(47): require_once('C:\\xampp_nh\\htdocs\\MON_WEBSITE_TM\\BAITAPLON\\CI4\\public\\index.php')
CRITICAL - 2024-01-14 15:31:08 --> Call to undefined function App\Controllers\user()
in APPPATH\Controllers\ThanhToanController.php on line 56.
 1 SYSTEMPATH\CodeIgniter.php(919): App\Controllers\ThanhToanController->xuLyThanhToan()
 2 SYSTEMPATH\CodeIgniter.php(494): CodeIgniter\CodeIgniter->runController(Object(App\Controllers\ThanhToanController))
 3 SYSTEMPATH\CodeIgniter.php(353): CodeIgniter\CodeIgniter->handleRequest(null, Object(Config\Cache), false)
 4 FCPATH\index.php(79): CodeIgniter\CodeIgniter->run()
 5 SYSTEMPATH\Commands\Server\rewrite.php(47): require_once('C:\\xampp_nh\\htdocs\\MON_WEBSITE_TM\\BAITAPLON\\CI4\\public\\index.php')
CRITICAL - 2024-01-14 15:48:56 --> Call to undefined method App\Models\HoaDonModel::insertHoaDon
in SYSTEMPATH\Model.php on line 873.
 1 APPPATH\Controllers\ThanhToanController.php(69): CodeIgniter\Model->__call('insertHoaDon', [...])
 2 SYSTEMPATH\CodeIgniter.php(919): App\Controllers\ThanhToanController->xuLyThanhToan()
 3 SYSTEMPATH\CodeIgniter.php(494): CodeIgniter\CodeIgniter->runController(Object(App\Controllers\ThanhToanController))
 4 SYSTEMPATH\CodeIgniter.php(353): CodeIgniter\CodeIgniter->handleRequest(null, Object(Config\Cache), false)
 5 FCPATH\index.php(79): CodeIgniter\CodeIgniter->run()
 6 SYSTEMPATH\Commands\Server\rewrite.php(47): require_once('C:\\xampp_nh\\htdocs\\MON_WEBSITE_TM\\BAITAPLON\\CI4\\public\\index.php')
CRITICAL - 2024-01-14 15:49:50 --> CodeIgniter\BaseModel::transformDataToArray(): Return value must be of type array, string returned
in SYSTEMPATH\BaseModel.php on line 1750.
 1 SYSTEMPATH\BaseModel.php(748): CodeIgniter\BaseModel->transformDataToArray('Nguyễn Kim Ngọc Thích', 'insert')
 2 SYSTEMPATH\Model.php(715): CodeIgniter\BaseModel->insert('Nguyễn Kim Ngọc Thích', true)
 3 APPPATH\Models\HoaDonModel.php(19): CodeIgniter\Model->insert('Nguyễn Kim Ngọc Thích')
 4 APPPATH\Controllers\ThanhToanController.php(69): App\Models\HoaDonModel->insertHoaDon('Nguyễn Kim Ngọc Thích', 'bobo@gmail.com', '0912345678', 'Bình Thuận')
 5 SYSTEMPATH\CodeIgniter.php(919): App\Controllers\ThanhToanController->xuLyThanhToan()
 6 SYSTEMPATH\CodeIgniter.php(494): CodeIgniter\CodeIgniter->runController(Object(App\Controllers\ThanhToanController))
 7 SYSTEMPATH\CodeIgniter.php(353): CodeIgniter\CodeIgniter->handleRequest(null, Object(Config\Cache), false)
 8 FCPATH\index.php(79): CodeIgniter\CodeIgniter->run()
 9 SYSTEMPATH\Commands\Server\rewrite.php(47): require_once('C:\\xampp_nh\\htdocs\\MON_WEBSITE_TM\\BAITAPLON\\CI4\\public\\index.php')
ERROR - 2024-01-14 16:03:21 --> Undefined variable $contact
ERROR - 2024-01-14 16:11:34 --> mysqli_sql_exception: Cannot delete or update a parent row: a foreign key constraint fails (`ci4`.`chitiethoadon`, CONSTRAINT `chitiethoadon_ibfk_1` FOREIGN KEY (`MaHoaDon`) REFERENCES `hoadon` (`MaHoaDon`)) in C:\xampp_nh\htdocs\MON_WEBSITE_TM\BAITAPLON\CI4\system\Database\MySQLi\Connection.php:306
Stack trace:
#0 C:\xampp_nh\htdocs\MON_WEBSITE_TM\BAITAPLON\CI4\system\Database\MySQLi\Connection.php(306): mysqli->query('DELETE FROM `ho...', 0)
#1 C:\xampp_nh\htdocs\MON_WEBSITE_TM\BAITAPLON\CI4\system\Database\BaseConnection.php(692): CodeIgniter\Database\MySQLi\Connection->execute('DELETE FROM `ho...')
#2 C:\xampp_nh\htdocs\MON_WEBSITE_TM\BAITAPLON\CI4\system\Database\BaseConnection.php(606): CodeIgniter\Database\BaseConnection->simpleQuery('DELETE FROM `ho...')
#3 C:\xampp_nh\htdocs\MON_WEBSITE_TM\BAITAPLON\CI4\system\Database\BaseBuilder.php(2790): CodeIgniter\Database\BaseConnection->query('DELETE FROM `ho...', Array, false)
#4 C:\xampp_nh\htdocs\MON_WEBSITE_TM\BAITAPLON\CI4\system\Model.php(445): CodeIgniter\Database\BaseBuilder->delete()
#5 C:\xampp_nh\htdocs\MON_WEBSITE_TM\BAITAPLON\CI4\system\BaseModel.php(1080): CodeIgniter\Model->doDelete(Array, false)
#6 C:\xampp_nh\htdocs\MON_WEBSITE_TM\BAITAPLON\CI4\app\Controllers\AdminHoaDonController.php(41): CodeIgniter\BaseModel->delete(Array)
#7 C:\xampp_nh\htdocs\MON_WEBSITE_TM\BAITAPLON\CI4\system\CodeIgniter.php(919): App\Controllers\AdminHoaDonController->delete('1')
#8 C:\xampp_nh\htdocs\MON_WEBSITE_TM\BAITAPLON\CI4\system\CodeIgniter.php(494): CodeIgniter\CodeIgniter->runController(Object(App\Controllers\AdminHoaDonController))
#9 C:\xampp_nh\htdocs\MON_WEBSITE_TM\BAITAPLON\CI4\system\CodeIgniter.php(353): CodeIgniter\CodeIgniter->handleRequest(NULL, Object(Config\Cache), false)
#10 C:\xampp_nh\htdocs\MON_WEBSITE_TM\BAITAPLON\CI4\public\index.php(79): CodeIgniter\CodeIgniter->run()
#11 C:\xampp_nh\htdocs\MON_WEBSITE_TM\BAITAPLON\CI4\system\Commands\Server\rewrite.php(47): require_once('C:\\xampp_nh\\htd...')
#12 {main}
CRITICAL - 2024-01-14 16:11:34 --> Cannot delete or update a parent row: a foreign key constraint fails (`ci4`.`chitiethoadon`, CONSTRAINT `chitiethoadon_ibfk_1` FOREIGN KEY (`MaHoaDon`) REFERENCES `hoadon` (`MaHoaDon`))
in SYSTEMPATH\Database\BaseConnection.php on line 646.
 1 SYSTEMPATH\Database\BaseBuilder.php(2790): CodeIgniter\Database\BaseConnection->query('DELETE FROM `hoadon`
WHERE `MaHoaDon` IN :MaHoaDon:', [...], false)
 2 SYSTEMPATH\Model.php(445): CodeIgniter\Database\BaseBuilder->delete()
 3 SYSTEMPATH\BaseModel.php(1080): CodeIgniter\Model->doDelete([...], false)
 4 APPPATH\Controllers\AdminHoaDonController.php(41): CodeIgniter\BaseModel->delete([...])
 5 SYSTEMPATH\CodeIgniter.php(919): App\Controllers\AdminHoaDonController->delete('1')
 6 SYSTEMPATH\CodeIgniter.php(494): CodeIgniter\CodeIgniter->runController(Object(App\Controllers\AdminHoaDonController))
 7 SYSTEMPATH\CodeIgniter.php(353): CodeIgniter\CodeIgniter->handleRequest(null, Object(Config\Cache), false)
 8 FCPATH\index.php(79): CodeIgniter\CodeIgniter->run()
 9 SYSTEMPATH\Commands\Server\rewrite.php(47): require_once('C:\\xampp_nh\\htdocs\\MON_WEBSITE_TM\\BAITAPLON\\CI4\\public\\index.php')
CRITICAL - 2024-01-14 16:42:39 --> The action you requested is not allowed.
in SYSTEMPATH\Security\Security.php on line 298.
 1 SYSTEMPATH\Security\Security.php(298): CodeIgniter\Security\Exceptions\SecurityException::forDisallowedAction()
 2 SYSTEMPATH\Filters\CSRF.php(55): CodeIgniter\Security\Security->verify(Object(CodeIgniter\HTTP\IncomingRequest))
 3 SYSTEMPATH\Filters\Filters.php(180): CodeIgniter\Filters\CSRF->before(Object(CodeIgniter\HTTP\IncomingRequest), null)
 4 SYSTEMPATH\CodeIgniter.php(466): CodeIgniter\Filters\Filters->run('badminton/search', 'before')
 5 SYSTEMPATH\CodeIgniter.php(353): CodeIgniter\CodeIgniter->handleRequest(null, Object(Config\Cache), false)
 6 FCPATH\index.php(79): CodeIgniter\CodeIgniter->run()
 7 SYSTEMPATH\Commands\Server\rewrite.php(47): require_once('C:\\xampp_nh\\htdocs\\MON_WEBSITE_TM\\BAITAPLON\\CI4\\public\\index.php')
CRITICAL - 2024-01-14 16:43:52 --> Invalid file: "badminton.php"
in SYSTEMPATH\Exceptions\FrameworkException.php on line 39.
 1 SYSTEMPATH\View\View.php(214): CodeIgniter\Exceptions\FrameworkException::forInvalidFile('badminton.php')
 2 SYSTEMPATH\Common.php(1188): CodeIgniter\View\View->render('badminton', [], true)
 3 APPPATH\Controllers\BadController.php(33): view('badminton', [...])
 4 SYSTEMPATH\CodeIgniter.php(919): App\Controllers\BadController->search()
 5 SYSTEMPATH\CodeIgniter.php(494): CodeIgniter\CodeIgniter->runController(Object(App\Controllers\BadController))
 6 SYSTEMPATH\CodeIgniter.php(353): CodeIgniter\CodeIgniter->handleRequest(null, Object(Config\Cache), false)
 7 FCPATH\index.php(79): CodeIgniter\CodeIgniter->run()
 8 SYSTEMPATH\Commands\Server\rewrite.php(47): require_once('C:\\xampp_nh\\htdocs\\MON_WEBSITE_TM\\BAITAPLON\\CI4\\public\\index.php')
CRITICAL - 2024-01-14 17:07:48 --> foreach() argument must be of type array|object, null given
in APPPATH\Controllers\BadController.php on line 20.
 1 APPPATH\Controllers\BadController.php(20): CodeIgniter\Debug\Exceptions->errorHandler(2, 'foreach() argument must be of type array|object, null given', 'C:\\xampp_nh\\htdocs\\MON_WEBSITE_TM\\BAITAPLON\\CI4\\app\\Controllers\\BadController.php', 20)
 2 SYSTEMPATH\CodeIgniter.php(919): App\Controllers\BadController->index()
 3 SYSTEMPATH\CodeIgniter.php(494): CodeIgniter\CodeIgniter->runController(Object(App\Controllers\BadController))
 4 SYSTEMPATH\CodeIgniter.php(353): CodeIgniter\CodeIgniter->handleRequest(null, Object(Config\Cache), false)
 5 FCPATH\index.php(79): CodeIgniter\CodeIgniter->run()
 6 SYSTEMPATH\Commands\Server\rewrite.php(47): require_once('C:\\xampp_nh\\htdocs\\MON_WEBSITE_TM\\BAITAPLON\\CI4\\public\\index.php')
