CRITICAL - 2024-01-11 04:20:07 --> Undefined variable $data
in APPPATH\Controllers\AccountAdminController.php on line 48.
 1 APPPATH\Controllers\AccountAdminController.php(48): CodeIgniter\Debug\Exceptions->errorHandler(2, 'Undefined variable $data', 'C:\\xampp_nh\\htdocs\\MON_WEBSITE_TM\\BAITAPLON\\CI4\\app\\Controllers\\AccountAdminController.php', 48)
 2 SYSTEMPATH\CodeIgniter.php(919): App\Controllers\AccountAdminController->add()
 3 SYSTEMPATH\CodeIgniter.php(494): CodeIgniter\CodeIgniter->runController(Object(App\Controllers\AccountAdminController))
 4 SYSTEMPATH\CodeIgniter.php(353): CodeIgniter\CodeIgniter->handleRequest(null, Object(Config\Cache), false)
 5 FCPATH\index.php(79): CodeIgniter\CodeIgniter->run()
 6 SYSTEMPATH\Commands\Server\rewrite.php(47): require_once('C:\\xampp_nh\\htdocs\\MON_WEBSITE_TM\\BAITAPLON\\CI4\\public\\index.php')
CRITICAL - 2024-01-11 05:17:38 --> Undefined array key "fullname"
in APPPATH\Views\admin\acc_admin\edit.php on line 64.
 1 APPPATH\Views\admin\acc_admin\edit.php(64): CodeIgniter\Debug\Exceptions->errorHandler(2, 'Undefined array key "fullname"', 'C:\\xampp_nh\\htdocs\\MON_WEBSITE_TM\\BAITAPLON\\CI4\\app\\Views\\admin\\acc_admin\\edit.php', 64)
 2 SYSTEMPATH\View\View.php(226): include('C:\\xampp_nh\\htdocs\\MON_WEBSITE_TM\\BAITAPLON\\CI4\\app\\Views\\admin\\acc_admin\\edit.php')
 3 SYSTEMPATH\View\View.php(229): CodeIgniter\View\View->CodeIgniter\View\{closure}()
 4 SYSTEMPATH\Common.php(1188): CodeIgniter\View\View->render('admin/acc_admin/edit', [], true)
 5 APPPATH\Controllers\AccountAdminController.php(109): view('admin/acc_admin/edit', [...])
 6 SYSTEMPATH\CodeIgniter.php(919): App\Controllers\AccountAdminController->edit('39')
 7 SYSTEMPATH\CodeIgniter.php(494): CodeIgniter\CodeIgniter->runController(Object(App\Controllers\AccountAdminController))
 8 SYSTEMPATH\CodeIgniter.php(353): CodeIgniter\CodeIgniter->handleRequest(null, Object(Config\Cache), false)
 9 FCPATH\index.php(79): CodeIgniter\CodeIgniter->run()
10 SYSTEMPATH\Commands\Server\rewrite.php(47): require_once('C:\\xampp_nh\\htdocs\\MON_WEBSITE_TM\\BAITAPLON\\CI4\\public\\index.php')
CRITICAL - 2024-01-11 05:18:14 --> Undefined array key "phone"
in APPPATH\Views\admin\acc_admin\edit.php on line 89.
 1 APPPATH\Views\admin\acc_admin\edit.php(89): CodeIgniter\Debug\Exceptions->errorHandler(2, 'Undefined array key "phone"', 'C:\\xampp_nh\\htdocs\\MON_WEBSITE_TM\\BAITAPLON\\CI4\\app\\Views\\admin\\acc_admin\\edit.php', 89)
 2 SYSTEMPATH\View\View.php(226): include('C:\\xampp_nh\\htdocs\\MON_WEBSITE_TM\\BAITAPLON\\CI4\\app\\Views\\admin\\acc_admin\\edit.php')
 3 SYSTEMPATH\View\View.php(229): CodeIgniter\View\View->CodeIgniter\View\{closure}()
 4 SYSTEMPATH\Common.php(1188): CodeIgniter\View\View->render('admin/acc_admin/edit', [], true)
 5 APPPATH\Controllers\AccountAdminController.php(109): view('admin/acc_admin/edit', [...])
 6 SYSTEMPATH\CodeIgniter.php(919): App\Controllers\AccountAdminController->edit('39')
 7 SYSTEMPATH\CodeIgniter.php(494): CodeIgniter\CodeIgniter->runController(Object(App\Controllers\AccountAdminController))
 8 SYSTEMPATH\CodeIgniter.php(353): CodeIgniter\CodeIgniter->handleRequest(null, Object(Config\Cache), false)
 9 FCPATH\index.php(79): CodeIgniter\CodeIgniter->run()
10 SYSTEMPATH\Commands\Server\rewrite.php(47): require_once('C:\\xampp_nh\\htdocs\\MON_WEBSITE_TM\\BAITAPLON\\CI4\\public\\index.php')
CRITICAL - 2024-01-11 05:22:08 --> Undefined array key "gender"
in APPPATH\Views\admin\acc_admin\edit.php on line 72.
 1 APPPATH\Views\admin\acc_admin\edit.php(72): CodeIgniter\Debug\Exceptions->errorHandler(2, 'Undefined array key "gender"', 'C:\\xampp_nh\\htdocs\\MON_WEBSITE_TM\\BAITAPLON\\CI4\\app\\Views\\admin\\acc_admin\\edit.php', 72)
 2 SYSTEMPATH\View\View.php(226): include('C:\\xampp_nh\\htdocs\\MON_WEBSITE_TM\\BAITAPLON\\CI4\\app\\Views\\admin\\acc_admin\\edit.php')
 3 SYSTEMPATH\View\View.php(229): CodeIgniter\View\View->CodeIgniter\View\{closure}()
 4 SYSTEMPATH\Common.php(1188): CodeIgniter\View\View->render('admin/acc_admin/edit', [], true)
 5 APPPATH\Controllers\AccountAdminController.php(109): view('admin/acc_admin/edit', [...])
 6 SYSTEMPATH\CodeIgniter.php(919): App\Controllers\AccountAdminController->edit('39')
 7 SYSTEMPATH\CodeIgniter.php(494): CodeIgniter\CodeIgniter->runController(Object(App\Controllers\AccountAdminController))
 8 SYSTEMPATH\CodeIgniter.php(353): CodeIgniter\CodeIgniter->handleRequest(null, Object(Config\Cache), false)
 9 FCPATH\index.php(79): CodeIgniter\CodeIgniter->run()
10 SYSTEMPATH\Commands\Server\rewrite.php(47): require_once('C:\\xampp_nh\\htdocs\\MON_WEBSITE_TM\\BAITAPLON\\CI4\\public\\index.php')
CRITICAL - 2024-01-11 05:22:09 --> Undefined array key "gender"
in APPPATH\Views\admin\acc_admin\edit.php on line 72.
 1 APPPATH\Views\admin\acc_admin\edit.php(72): CodeIgniter\Debug\Exceptions->errorHandler(2, 'Undefined array key "gender"', 'C:\\xampp_nh\\htdocs\\MON_WEBSITE_TM\\BAITAPLON\\CI4\\app\\Views\\admin\\acc_admin\\edit.php', 72)
 2 SYSTEMPATH\View\View.php(226): include('C:\\xampp_nh\\htdocs\\MON_WEBSITE_TM\\BAITAPLON\\CI4\\app\\Views\\admin\\acc_admin\\edit.php')
 3 SYSTEMPATH\View\View.php(229): CodeIgniter\View\View->CodeIgniter\View\{closure}()
 4 SYSTEMPATH\Common.php(1188): CodeIgniter\View\View->render('admin/acc_admin/edit', [], true)
 5 APPPATH\Controllers\AccountAdminController.php(109): view('admin/acc_admin/edit', [...])
 6 SYSTEMPATH\CodeIgniter.php(919): App\Controllers\AccountAdminController->edit('39')
 7 SYSTEMPATH\CodeIgniter.php(494): CodeIgniter\CodeIgniter->runController(Object(App\Controllers\AccountAdminController))
 8 SYSTEMPATH\CodeIgniter.php(353): CodeIgniter\CodeIgniter->handleRequest(null, Object(Config\Cache), false)
 9 FCPATH\index.php(79): CodeIgniter\CodeIgniter->run()
10 SYSTEMPATH\Commands\Server\rewrite.php(47): require_once('C:\\xampp_nh\\htdocs\\MON_WEBSITE_TM\\BAITAPLON\\CI4\\public\\index.php')



ERROR - 2024-01-11 13:24:31 --> mysqli_sql_exception: You have an error in your SQL syntax; check the manual that corresponds to your MariaDB server version for the right syntax to use near ':username: OR email = :email:) :(username = :username: OR `email` = :email:):...' at line 4 in C:\xampp_nh\htdocs\MON_WEBSITE_TM\BAITAPLON\CI4\system\Database\MySQLi\Connection.php:306
Stack trace:
#0 C:\xampp_nh\htdocs\MON_WEBSITE_TM\BAITAPLON\CI4\system\Database\MySQLi\Connection.php(306): mysqli->query('SELECT *\nFROM `...', 0)
#1 C:\xampp_nh\htdocs\MON_WEBSITE_TM\BAITAPLON\CI4\system\Database\BaseConnection.php(692): CodeIgniter\Database\MySQLi\Connection->execute('SELECT *\nFROM `...')
#2 C:\xampp_nh\htdocs\MON_WEBSITE_TM\BAITAPLON\CI4\system\Database\BaseConnection.php(606): CodeIgniter\Database\BaseConnection->simpleQuery('SELECT *\nFROM `...')
#3 C:\xampp_nh\htdocs\MON_WEBSITE_TM\BAITAPLON\CI4\system\Database\BaseBuilder.php(1615): CodeIgniter\Database\BaseConnection->query('SELECT *\nFROM `...', Array, false)
#4 C:\xampp_nh\htdocs\MON_WEBSITE_TM\BAITAPLON\CI4\system\Model.php(264): CodeIgniter\Database\BaseBuilder->get()
#5 C:\xampp_nh\htdocs\MON_WEBSITE_TM\BAITAPLON\CI4\system\BaseModel.php(662): CodeIgniter\Model->doFirst()
#6 C:\xampp_nh\htdocs\MON_WEBSITE_TM\BAITAPLON\CI4\app\Models\TaiKhoanModel.php(39): CodeIgniter\BaseModel->first()
#7 C:\xampp_nh\htdocs\MON_WEBSITE_TM\BAITAPLON\CI4\app\Controllers\AccountAdminController.php(127): App\Models\TaiKhoanModel->isUnique('admin2', '20012379@gmail....', '39')
#8 C:\xampp_nh\htdocs\MON_WEBSITE_TM\BAITAPLON\CI4\system\CodeIgniter.php(919): App\Controllers\AccountAdminController->update('39')
#9 C:\xampp_nh\htdocs\MON_WEBSITE_TM\BAITAPLON\CI4\system\CodeIgniter.php(494): CodeIgniter\CodeIgniter->runController(Object(App\Controllers\AccountAdminController))
#10 C:\xampp_nh\htdocs\MON_WEBSITE_TM\BAITAPLON\CI4\system\CodeIgniter.php(353): CodeIgniter\CodeIgniter->handleRequest(NULL, Object(Config\Cache), false)
#11 C:\xampp_nh\htdocs\MON_WEBSITE_TM\BAITAPLON\CI4\public\index.php(79): CodeIgniter\CodeIgniter->run()
#12 C:\xampp_nh\htdocs\MON_WEBSITE_TM\BAITAPLON\CI4\system\Commands\Server\rewrite.php(47): require_once('C:\\xampp_nh\\htd...')
#13 {main}
CRITICAL - 2024-01-11 13:24:31 --> You have an error in your SQL syntax; check the manual that corresponds to your MariaDB server version for the right syntax to use near ':username: OR email = :email:) :(username = :username: OR `email` = :email:):...' at line 4
in SYSTEMPATH\Database\BaseConnection.php on line 646.
 1 SYSTEMPATH\Database\BaseBuilder.php(1615): CodeIgniter\Database\BaseConnection->query('SELECT *
FROM `taikhoan`
WHERE `id` != :id:
AND (`username` = :username: OR email = :email:) :(username = :username: OR `email` = :email:):
 LIMIT 1', [...], false)
 2 SYSTEMPATH\Model.php(264): CodeIgniter\Database\BaseBuilder->get()
 3 SYSTEMPATH\BaseModel.php(662): CodeIgniter\Model->doFirst()
 4 APPPATH\Models\TaiKhoanModel.php(39): CodeIgniter\BaseModel->first()
 5 APPPATH\Controllers\AccountAdminController.php(127): App\Models\TaiKhoanModel->isUnique('admin2', '20012379@gmail.com', '39')
 6 SYSTEMPATH\CodeIgniter.php(919): App\Controllers\AccountAdminController->update('39')
 7 SYSTEMPATH\CodeIgniter.php(494): CodeIgniter\CodeIgniter->runController(Object(App\Controllers\AccountAdminController))
 8 SYSTEMPATH\CodeIgniter.php(353): CodeIgniter\CodeIgniter->handleRequest(null, Object(Config\Cache), false)
 9 FCPATH\index.php(79): CodeIgniter\CodeIgniter->run()
10 SYSTEMPATH\Commands\Server\rewrite.php(47): require_once('C:\\xampp_nh\\htdocs\\MON_WEBSITE_TM\\BAITAPLON\\CI4\\public\\index.php')



ERROR - 2024-01-11 13:24:58 --> mysqli_sql_exception: You have an error in your SQL syntax; check the manual that corresponds to your MariaDB server version for the right syntax to use near ':username: OR email = :email:) :(username = :username: OR `email` = :email:):...' at line 4 in C:\xampp_nh\htdocs\MON_WEBSITE_TM\BAITAPLON\CI4\system\Database\MySQLi\Connection.php:306
Stack trace:
#0 C:\xampp_nh\htdocs\MON_WEBSITE_TM\BAITAPLON\CI4\system\Database\MySQLi\Connection.php(306): mysqli->query('SELECT *\nFROM `...', 0)
#1 C:\xampp_nh\htdocs\MON_WEBSITE_TM\BAITAPLON\CI4\system\Database\BaseConnection.php(692): CodeIgniter\Database\MySQLi\Connection->execute('SELECT *\nFROM `...')
#2 C:\xampp_nh\htdocs\MON_WEBSITE_TM\BAITAPLON\CI4\system\Database\BaseConnection.php(606): CodeIgniter\Database\BaseConnection->simpleQuery('SELECT *\nFROM `...')
#3 C:\xampp_nh\htdocs\MON_WEBSITE_TM\BAITAPLON\CI4\system\Database\BaseBuilder.php(1615): CodeIgniter\Database\BaseConnection->query('SELECT *\nFROM `...', Array, false)
#4 C:\xampp_nh\htdocs\MON_WEBSITE_TM\BAITAPLON\CI4\system\Model.php(264): CodeIgniter\Database\BaseBuilder->get()
#5 C:\xampp_nh\htdocs\MON_WEBSITE_TM\BAITAPLON\CI4\system\BaseModel.php(662): CodeIgniter\Model->doFirst()
#6 C:\xampp_nh\htdocs\MON_WEBSITE_TM\BAITAPLON\CI4\app\Models\TaiKhoanModel.php(39): CodeIgniter\BaseModel->first()
#7 C:\xampp_nh\htdocs\MON_WEBSITE_TM\BAITAPLON\CI4\app\Controllers\AccountAdminController.php(127): App\Models\TaiKhoanModel->isUnique('admin2', '20012379@gmail....', '39')
#8 C:\xampp_nh\htdocs\MON_WEBSITE_TM\BAITAPLON\CI4\system\CodeIgniter.php(919): App\Controllers\AccountAdminController->update('39')
#9 C:\xampp_nh\htdocs\MON_WEBSITE_TM\BAITAPLON\CI4\system\CodeIgniter.php(494): CodeIgniter\CodeIgniter->runController(Object(App\Controllers\AccountAdminController))
#10 C:\xampp_nh\htdocs\MON_WEBSITE_TM\BAITAPLON\CI4\system\CodeIgniter.php(353): CodeIgniter\CodeIgniter->handleRequest(NULL, Object(Config\Cache), false)
#11 C:\xampp_nh\htdocs\MON_WEBSITE_TM\BAITAPLON\CI4\public\index.php(79): CodeIgniter\CodeIgniter->run()
#12 C:\xampp_nh\htdocs\MON_WEBSITE_TM\BAITAPLON\CI4\system\Commands\Server\rewrite.php(47): require_once('C:\\xampp_nh\\htd...')
#13 {main}
CRITICAL - 2024-01-11 13:24:58 --> You have an error in your SQL syntax; check the manual that corresponds to your MariaDB server version for the right syntax to use near ':username: OR email = :email:) :(username = :username: OR `email` = :email:):...' at line 4
in SYSTEMPATH\Database\BaseConnection.php on line 646.
 1 SYSTEMPATH\Database\BaseBuilder.php(1615): CodeIgniter\Database\BaseConnection->query('SELECT *
FROM `taikhoan`
WHERE `id` != :id:
AND (`username` = :username: OR email = :email:) :(username = :username: OR `email` = :email:):
 LIMIT 1', [...], false)
 2 SYSTEMPATH\Model.php(264): CodeIgniter\Database\BaseBuilder->get()
 3 SYSTEMPATH\BaseModel.php(662): CodeIgniter\Model->doFirst()
 4 APPPATH\Models\TaiKhoanModel.php(39): CodeIgniter\BaseModel->first()
 5 APPPATH\Controllers\AccountAdminController.php(127): App\Models\TaiKhoanModel->isUnique('admin2', '20012379@gmail.com', '39')
 6 SYSTEMPATH\CodeIgniter.php(919): App\Controllers\AccountAdminController->update('39')
 7 SYSTEMPATH\CodeIgniter.php(494): CodeIgniter\CodeIgniter->runController(Object(App\Controllers\AccountAdminController))
 8 SYSTEMPATH\CodeIgniter.php(353): CodeIgniter\CodeIgniter->handleRequest(null, Object(Config\Cache), false)
 9 FCPATH\index.php(79): CodeIgniter\CodeIgniter->run()
10 SYSTEMPATH\Commands\Server\rewrite.php(47): require_once('C:\\xampp_nh\\htdocs\\MON_WEBSITE_TM\\BAITAPLON\\CI4\\public\\index.php')
ERROR - 2024-01-11 13:26:18 --> mysqli_sql_exception: You have an error in your SQL syntax; check the manual that corresponds to your MariaDB server version for the right syntax to use near '? OR email = ?) :(username = ? OR `email` = ?):
 LIMIT 1' at line 4 in C:\xampp_nh\htdocs\MON_WEBSITE_TM\BAITAPLON\CI4\system\Database\MySQLi\Connection.php:306
Stack trace:
#0 C:\xampp_nh\htdocs\MON_WEBSITE_TM\BAITAPLON\CI4\system\Database\MySQLi\Connection.php(306): mysqli->query('SELECT *\nFROM `...', 0)
#1 C:\xampp_nh\htdocs\MON_WEBSITE_TM\BAITAPLON\CI4\system\Database\BaseConnection.php(692): CodeIgniter\Database\MySQLi\Connection->execute('SELECT *\nFROM `...')
#2 C:\xampp_nh\htdocs\MON_WEBSITE_TM\BAITAPLON\CI4\system\Database\BaseConnection.php(606): CodeIgniter\Database\BaseConnection->simpleQuery('SELECT *\nFROM `...')
#3 C:\xampp_nh\htdocs\MON_WEBSITE_TM\BAITAPLON\CI4\system\Database\BaseBuilder.php(1615): CodeIgniter\Database\BaseConnection->query('SELECT *\nFROM `...', Array, false)
#4 C:\xampp_nh\htdocs\MON_WEBSITE_TM\BAITAPLON\CI4\system\Model.php(264): CodeIgniter\Database\BaseBuilder->get()
#5 C:\xampp_nh\htdocs\MON_WEBSITE_TM\BAITAPLON\CI4\system\BaseModel.php(662): CodeIgniter\Model->doFirst()
#6 C:\xampp_nh\htdocs\MON_WEBSITE_TM\BAITAPLON\CI4\app\Models\TaiKhoanModel.php(39): CodeIgniter\BaseModel->first()
#7 C:\xampp_nh\htdocs\MON_WEBSITE_TM\BAITAPLON\CI4\app\Controllers\AccountAdminController.php(128): App\Models\TaiKhoanModel->isUnique('admin2', '20012379@gmail....', '39')
#8 C:\xampp_nh\htdocs\MON_WEBSITE_TM\BAITAPLON\CI4\system\CodeIgniter.php(919): App\Controllers\AccountAdminController->update('39')
#9 C:\xampp_nh\htdocs\MON_WEBSITE_TM\BAITAPLON\CI4\system\CodeIgniter.php(494): CodeIgniter\CodeIgniter->runController(Object(App\Controllers\AccountAdminController))
#10 C:\xampp_nh\htdocs\MON_WEBSITE_TM\BAITAPLON\CI4\system\CodeIgniter.php(353): CodeIgniter\CodeIgniter->handleRequest(NULL, Object(Config\Cache), false)
#11 C:\xampp_nh\htdocs\MON_WEBSITE_TM\BAITAPLON\CI4\public\index.php(79): CodeIgniter\CodeIgniter->run()
#12 C:\xampp_nh\htdocs\MON_WEBSITE_TM\BAITAPLON\CI4\system\Commands\Server\rewrite.php(47): require_once('C:\\xampp_nh\\htd...')
#13 {main}
CRITICAL - 2024-01-11 13:26:18 --> You have an error in your SQL syntax; check the manual that corresponds to your MariaDB server version for the right syntax to use near '? OR email = ?) :(username = ? OR `email` = ?):
 LIMIT 1' at line 4
in SYSTEMPATH\Database\BaseConnection.php on line 646.
 1 SYSTEMPATH\Database\BaseBuilder.php(1615): CodeIgniter\Database\BaseConnection->query('SELECT *
FROM `taikhoan`
WHERE `id` != :id:
AND (`username` = ? OR email = ?) :(username = ? OR `email` = ?):
 LIMIT 1', [...], false)
 2 SYSTEMPATH\Model.php(264): CodeIgniter\Database\BaseBuilder->get()
 3 SYSTEMPATH\BaseModel.php(662): CodeIgniter\Model->doFirst()
 4 APPPATH\Models\TaiKhoanModel.php(39): CodeIgniter\BaseModel->first()
 5 APPPATH\Controllers\AccountAdminController.php(128): App\Models\TaiKhoanModel->isUnique('admin2', '20012379@gmail.com', '39')
 6 SYSTEMPATH\CodeIgniter.php(919): App\Controllers\AccountAdminController->update('39')
 7 SYSTEMPATH\CodeIgniter.php(494): CodeIgniter\CodeIgniter->runController(Object(App\Controllers\AccountAdminController))
 8 SYSTEMPATH\CodeIgniter.php(353): CodeIgniter\CodeIgniter->handleRequest(null, Object(Config\Cache), false)
 9 FCPATH\index.php(79): CodeIgniter\CodeIgniter->run()
10 SYSTEMPATH\Commands\Server\rewrite.php(47): require_once('C:\\xampp_nh\\htdocs\\MON_WEBSITE_TM\\BAITAPLON\\CI4\\public\\index.php')
CRITICAL - 2024-01-11 13:37:24 --> Undefined property: App\Controllers\AccountAdminController::$db
in APPPATH\Controllers\AccountAdminController.php on line 138.
 1 APPPATH\Controllers\AccountAdminController.php(138): CodeIgniter\Debug\Exceptions->errorHandler(2, 'Undefined property: App\\Controllers\\AccountAdminController::$db', 'C:\\xampp_nh\\htdocs\\MON_WEBSITE_TM\\BAITAPLON\\CI4\\app\\Controllers\\AccountAdminController.php', 138)
 2 SYSTEMPATH\CodeIgniter.php(919): App\Controllers\AccountAdminController->update('39')
 3 SYSTEMPATH\CodeIgniter.php(494): CodeIgniter\CodeIgniter->runController(Object(App\Controllers\AccountAdminController))
 4 SYSTEMPATH\CodeIgniter.php(353): CodeIgniter\CodeIgniter->handleRequest(null, Object(Config\Cache), false)
 5 FCPATH\index.php(79): CodeIgniter\CodeIgniter->run()
 6 SYSTEMPATH\Commands\Server\rewrite.php(47): require_once('C:\\xampp_nh\\htdocs\\MON_WEBSITE_TM\\BAITAPLON\\CI4\\public\\index.php')
CRITICAL - 2024-01-11 14:12:18 --> Undefined variable $categories
in APPPATH\Views\admin\product\edit.php on line 67.
 1 APPPATH\Views\admin\product\edit.php(67): CodeIgniter\Debug\Exceptions->errorHandler(2, 'Undefined variable $categories', 'C:\\xampp_nh\\htdocs\\MON_WEBSITE_TM\\BAITAPLON\\CI4\\app\\Views\\admin\\product\\edit.php', 67)
 2 SYSTEMPATH\View\View.php(226): include('C:\\xampp_nh\\htdocs\\MON_WEBSITE_TM\\BAITAPLON\\CI4\\app\\Views\\admin\\product\\edit.php')
 3 SYSTEMPATH\View\View.php(229): CodeIgniter\View\View->CodeIgniter\View\{closure}()
 4 SYSTEMPATH\Common.php(1188): CodeIgniter\View\View->render('admin/product/edit', [], true)
 5 APPPATH\Controllers\ProductController.php(34): view('admin/product/edit', [...])
 6 SYSTEMPATH\CodeIgniter.php(919): App\Controllers\ProductController->edit('1')
 7 SYSTEMPATH\CodeIgniter.php(494): CodeIgniter\CodeIgniter->runController(Object(App\Controllers\ProductController))
 8 SYSTEMPATH\CodeIgniter.php(353): CodeIgniter\CodeIgniter->handleRequest(null, Object(Config\Cache), false)
 9 FCPATH\index.php(79): CodeIgniter\CodeIgniter->run()
10 SYSTEMPATH\Commands\Server\rewrite.php(47): require_once('C:\\xampp_nh\\htdocs\\MON_WEBSITE_TM\\BAITAPLON\\CI4\\public\\index.php')
CRITICAL - 2024-01-11 14:12:21 --> Undefined variable $categories
in APPPATH\Views\admin\product\edit.php on line 67.
 1 APPPATH\Views\admin\product\edit.php(67): CodeIgniter\Debug\Exceptions->errorHandler(2, 'Undefined variable $categories', 'C:\\xampp_nh\\htdocs\\MON_WEBSITE_TM\\BAITAPLON\\CI4\\app\\Views\\admin\\product\\edit.php', 67)
 2 SYSTEMPATH\View\View.php(226): include('C:\\xampp_nh\\htdocs\\MON_WEBSITE_TM\\BAITAPLON\\CI4\\app\\Views\\admin\\product\\edit.php')
 3 SYSTEMPATH\View\View.php(229): CodeIgniter\View\View->CodeIgniter\View\{closure}()
 4 SYSTEMPATH\Common.php(1188): CodeIgniter\View\View->render('admin/product/edit', [], true)
 5 APPPATH\Controllers\ProductController.php(34): view('admin/product/edit', [...])
 6 SYSTEMPATH\CodeIgniter.php(919): App\Controllers\ProductController->edit('1')
 7 SYSTEMPATH\CodeIgniter.php(494): CodeIgniter\CodeIgniter->runController(Object(App\Controllers\ProductController))
 8 SYSTEMPATH\CodeIgniter.php(353): CodeIgniter\CodeIgniter->handleRequest(null, Object(Config\Cache), false)
 9 FCPATH\index.php(79): CodeIgniter\CodeIgniter->run()
10 SYSTEMPATH\Commands\Server\rewrite.php(47): require_once('C:\\xampp_nh\\htdocs\\MON_WEBSITE_TM\\BAITAPLON\\CI4\\public\\index.php')
CRITICAL - 2024-01-11 14:13:53 --> Undefined variable $categories
in APPPATH\Views\admin\product\edit.php on line 68.
 1 APPPATH\Views\admin\product\edit.php(68): CodeIgniter\Debug\Exceptions->errorHandler(2, 'Undefined variable $categories', 'C:\\xampp_nh\\htdocs\\MON_WEBSITE_TM\\BAITAPLON\\CI4\\app\\Views\\admin\\product\\edit.php', 68)
 2 SYSTEMPATH\View\View.php(226): include('C:\\xampp_nh\\htdocs\\MON_WEBSITE_TM\\BAITAPLON\\CI4\\app\\Views\\admin\\product\\edit.php')
 3 SYSTEMPATH\View\View.php(229): CodeIgniter\View\View->CodeIgniter\View\{closure}()
 4 SYSTEMPATH\Common.php(1188): CodeIgniter\View\View->render('admin/product/edit', [], true)
 5 APPPATH\Controllers\ProductController.php(34): view('admin/product/edit', [...])
 6 SYSTEMPATH\CodeIgniter.php(919): App\Controllers\ProductController->edit('1')
 7 SYSTEMPATH\CodeIgniter.php(494): CodeIgniter\CodeIgniter->runController(Object(App\Controllers\ProductController))
 8 SYSTEMPATH\CodeIgniter.php(353): CodeIgniter\CodeIgniter->handleRequest(null, Object(Config\Cache), false)
 9 FCPATH\index.php(79): CodeIgniter\CodeIgniter->run()
10 SYSTEMPATH\Commands\Server\rewrite.php(47): require_once('C:\\xampp_nh\\htdocs\\MON_WEBSITE_TM\\BAITAPLON\\CI4\\public\\index.php')
CRITICAL - 2024-01-11 14:13:54 --> Undefined variable $categories
in APPPATH\Views\admin\product\edit.php on line 68.
 1 APPPATH\Views\admin\product\edit.php(68): CodeIgniter\Debug\Exceptions->errorHandler(2, 'Undefined variable $categories', 'C:\\xampp_nh\\htdocs\\MON_WEBSITE_TM\\BAITAPLON\\CI4\\app\\Views\\admin\\product\\edit.php', 68)
 2 SYSTEMPATH\View\View.php(226): include('C:\\xampp_nh\\htdocs\\MON_WEBSITE_TM\\BAITAPLON\\CI4\\app\\Views\\admin\\product\\edit.php')
 3 SYSTEMPATH\View\View.php(229): CodeIgniter\View\View->CodeIgniter\View\{closure}()
 4 SYSTEMPATH\Common.php(1188): CodeIgniter\View\View->render('admin/product/edit', [], true)
 5 APPPATH\Controllers\ProductController.php(34): view('admin/product/edit', [...])
 6 SYSTEMPATH\CodeIgniter.php(919): App\Controllers\ProductController->edit('1')
 7 SYSTEMPATH\CodeIgniter.php(494): CodeIgniter\CodeIgniter->runController(Object(App\Controllers\ProductController))
 8 SYSTEMPATH\CodeIgniter.php(353): CodeIgniter\CodeIgniter->handleRequest(null, Object(Config\Cache), false)
 9 FCPATH\index.php(79): CodeIgniter\CodeIgniter->run()
10 SYSTEMPATH\Commands\Server\rewrite.php(47): require_once('C:\\xampp_nh\\htdocs\\MON_WEBSITE_TM\\BAITAPLON\\CI4\\public\\index.php')
CRITICAL - 2024-01-11 14:13:56 --> Undefined variable $categories
in APPPATH\Views\admin\product\edit.php on line 68.
 1 APPPATH\Views\admin\product\edit.php(68): CodeIgniter\Debug\Exceptions->errorHandler(2, 'Undefined variable $categories', 'C:\\xampp_nh\\htdocs\\MON_WEBSITE_TM\\BAITAPLON\\CI4\\app\\Views\\admin\\product\\edit.php', 68)
 2 SYSTEMPATH\View\View.php(226): include('C:\\xampp_nh\\htdocs\\MON_WEBSITE_TM\\BAITAPLON\\CI4\\app\\Views\\admin\\product\\edit.php')
 3 SYSTEMPATH\View\View.php(229): CodeIgniter\View\View->CodeIgniter\View\{closure}()
 4 SYSTEMPATH\Common.php(1188): CodeIgniter\View\View->render('admin/product/edit', [], true)
 5 APPPATH\Controllers\ProductController.php(34): view('admin/product/edit', [...])
 6 SYSTEMPATH\CodeIgniter.php(919): App\Controllers\ProductController->edit('1')
 7 SYSTEMPATH\CodeIgniter.php(494): CodeIgniter\CodeIgniter->runController(Object(App\Controllers\ProductController))
 8 SYSTEMPATH\CodeIgniter.php(353): CodeIgniter\CodeIgniter->handleRequest(null, Object(Config\Cache), false)
 9 FCPATH\index.php(79): CodeIgniter\CodeIgniter->run()
10 SYSTEMPATH\Commands\Server\rewrite.php(47): require_once('C:\\xampp_nh\\htdocs\\MON_WEBSITE_TM\\BAITAPLON\\CI4\\public\\index.php')
CRITICAL - 2024-01-11 14:17:29 --> Undefined variable $categories
in APPPATH\Views\admin\product\edit.php on line 68.
 1 APPPATH\Views\admin\product\edit.php(68): CodeIgniter\Debug\Exceptions->errorHandler(2, 'Undefined variable $categories', 'C:\\xampp_nh\\htdocs\\MON_WEBSITE_TM\\BAITAPLON\\CI4\\app\\Views\\admin\\product\\edit.php', 68)
 2 SYSTEMPATH\View\View.php(226): include('C:\\xampp_nh\\htdocs\\MON_WEBSITE_TM\\BAITAPLON\\CI4\\app\\Views\\admin\\product\\edit.php')
 3 SYSTEMPATH\View\View.php(229): CodeIgniter\View\View->CodeIgniter\View\{closure}()
 4 SYSTEMPATH\Common.php(1188): CodeIgniter\View\View->render('admin/product/edit', [], true)
 5 APPPATH\Controllers\ProductController.php(34): view('admin/product/edit', [...])
 6 SYSTEMPATH\CodeIgniter.php(919): App\Controllers\ProductController->edit('1')
 7 SYSTEMPATH\CodeIgniter.php(494): CodeIgniter\CodeIgniter->runController(Object(App\Controllers\ProductController))
 8 SYSTEMPATH\CodeIgniter.php(353): CodeIgniter\CodeIgniter->handleRequest(null, Object(Config\Cache), false)
 9 FCPATH\index.php(79): CodeIgniter\CodeIgniter->run()
10 SYSTEMPATH\Commands\Server\rewrite.php(47): require_once('C:\\xampp_nh\\htdocs\\MON_WEBSITE_TM\\BAITAPLON\\CI4\\public\\index.php')
CRITICAL - 2024-01-11 14:18:44 --> Undefined variable $categories
in APPPATH\Views\admin\product\edit.php on line 68.
 1 APPPATH\Views\admin\product\edit.php(68): CodeIgniter\Debug\Exceptions->errorHandler(2, 'Undefined variable $categories', 'C:\\xampp_nh\\htdocs\\MON_WEBSITE_TM\\BAITAPLON\\CI4\\app\\Views\\admin\\product\\edit.php', 68)
 2 SYSTEMPATH\View\View.php(226): include('C:\\xampp_nh\\htdocs\\MON_WEBSITE_TM\\BAITAPLON\\CI4\\app\\Views\\admin\\product\\edit.php')
 3 SYSTEMPATH\View\View.php(229): CodeIgniter\View\View->CodeIgniter\View\{closure}()
 4 SYSTEMPATH\Common.php(1188): CodeIgniter\View\View->render('admin/product/edit', [], true)
 5 APPPATH\Controllers\ProductController.php(34): view('admin/product/edit', [...])
 6 SYSTEMPATH\CodeIgniter.php(919): App\Controllers\ProductController->edit('1')
 7 SYSTEMPATH\CodeIgniter.php(494): CodeIgniter\CodeIgniter->runController(Object(App\Controllers\ProductController))
 8 SYSTEMPATH\CodeIgniter.php(353): CodeIgniter\CodeIgniter->handleRequest(null, Object(Config\Cache), false)
 9 FCPATH\index.php(79): CodeIgniter\CodeIgniter->run()
10 SYSTEMPATH\Commands\Server\rewrite.php(47): require_once('C:\\xampp_nh\\htdocs\\MON_WEBSITE_TM\\BAITAPLON\\CI4\\public\\index.php')
CRITICAL - 2024-01-11 14:24:47 --> Undefined variable $currentProduct
in APPPATH\Controllers\ProductController.php on line 66.
 1 APPPATH\Controllers\ProductController.php(66): CodeIgniter\Debug\Exceptions->errorHandler(2, 'Undefined variable $currentProduct', 'C:\\xampp_nh\\htdocs\\MON_WEBSITE_TM\\BAITAPLON\\CI4\\app\\Controllers\\ProductController.php', 66)
 2 SYSTEMPATH\CodeIgniter.php(919): App\Controllers\ProductController->update('46')
 3 SYSTEMPATH\CodeIgniter.php(494): CodeIgniter\CodeIgniter->runController(Object(App\Controllers\ProductController))
 4 SYSTEMPATH\CodeIgniter.php(353): CodeIgniter\CodeIgniter->handleRequest(null, Object(Config\Cache), false)
 5 FCPATH\index.php(79): CodeIgniter\CodeIgniter->run()
 6 SYSTEMPATH\Commands\Server\rewrite.php(47): require_once('C:\\xampp_nh\\htdocs\\MON_WEBSITE_TM\\BAITAPLON\\CI4\\public\\index.php')
